[03:22:41] [ServerMain/INFO]: [bootstrap] Running Java 21 (OpenJDK 64-Bit Server VM 21.0.8+9-Ubuntu-0ubuntu124.04.1; Ubuntu null) on Linux 6.8.0-1030-azure (amd64)
[03:22:41] [ServerMain/INFO]: [bootstrap] Loading Paper 1.21.8-6-main@782ce95 (2025-07-18T20:26:58Z) for Minecraft 1.21.8
[03:22:41] [ServerMain/INFO]: [PluginInitializerManager] Initializing plugins...
[03:22:41] [ServerMain/INFO]: [PluginInitializerManager] Initialized 3 plugins
[03:22:41] [ServerMain/INFO]: [PluginInitializerManager] Bukkit plugins (3):
 - Geyser-Spigot (2.8.2-SNAPSHOT), ViaVersion (5.4.1), floodgate (2.2.4-SNAPSHOT (b118-40d320a))
[03:22:47] [ServerMain/INFO]: Environment: Environment[sessionHost=https://sessionserver.mojang.com, servicesHost=https://api.minecraftservices.com, name=PROD]
[03:22:49] [ServerMain/INFO]: Loaded 1407 recipes
[03:22:49] [ServerMain/INFO]: Loaded 1520 advancements
[03:22:49] [ServerMain/INFO]: [ca.spottedleaf.dataconverter.minecraft.datatypes.MCTypeRegistry] Initialising converters for DataConverter...
[03:22:49] [ServerMain/INFO]: [ca.spottedleaf.dataconverter.minecraft.datatypes.MCTypeRegistry] Finished initialising converters for DataConverter in 449.4ms
[03:22:49] [Server thread/INFO]: Starting minecraft server version 1.21.8
[03:22:49] [Server thread/INFO]: Loading properties
[03:22:49] [Server thread/INFO]: This server is running Paper version 1.21.8-6-main@782ce95 (2025-07-18T20:26:58Z) (Implementing API version 1.21.8-R0.1-SNAPSHOT)
[03:22:49] [Server thread/INFO]: [spark] This server bundles the spark profiler. For more information please visit https://docs.papermc.io/paper/profiling
[03:22:50] [Server thread/INFO]: Server Ping Player Sample Count: 12
[03:22:50] [Server thread/INFO]: Using 4 threads for Netty based IO
[03:22:50] [Server thread/INFO]: [MoonriseCommon] Paper is using 1 worker threads, 1 I/O threads
[03:22:50] [Server thread/INFO]: [ChunkTaskScheduler] Chunk system is using population gen parallelism: true
[03:22:51] [Server thread/INFO]: Default game type: SURVIVAL
[03:22:51] [Server thread/INFO]: Generating keypair
[03:22:51] [Server thread/INFO]: Starting Minecraft server on *:25565
[03:22:51] [Server thread/INFO]: Using epoll channel type
[03:22:51] [Server thread/INFO]: Paper: Using libdeflate (Linux x86_64) compression from Velocity.
[03:22:51] [Server thread/INFO]: Paper: Using OpenSSL 3.x.x (Linux x86_64) cipher from Velocity.
[03:22:51] [Server thread/INFO]: [floodgate] Loading server plugin floodgate v2.2.4-SNAPSHOT (b118-40d320a)
[03:22:52] [Server thread/WARN]: [floodgate] en_ is not a supported Floodgate language.
[03:22:52] [Server thread/INFO]: [floodgate] Took 685ms to boot Floodgate
[03:22:52] [Server thread/INFO]: [ViaVersion] Loading server plugin ViaVersion v5.4.1
[03:22:52] [Server thread/INFO]: [ViaVersion] ViaVersion 5.4.1 is now loaded. Registering protocol transformers and injecting...
[03:22:53] [Via-Mappingloader-0/INFO]: [ViaVersion] Loading block connection mappings ...
[03:22:53] [Via-Mappingloader-0/INFO]: [ViaVersion] Using FastUtil Long2ObjectOpenHashMap for block connections
[03:22:53] [Server thread/INFO]: [Geyser-Spigot] Loading server plugin Geyser-Spigot v2.8.2-SNAPSHOT
[03:22:54] [Server thread/INFO]: [Geyser-Spigot] Loading extensions...
[03:22:54] [Server thread/INFO]: [Geyser-Spigot] Loaded 0 extension(s)
[03:22:54] [Server thread/INFO]: Server permissions file permissions.yml is empty, ignoring it
[03:22:54] [Server thread/WARN]: **** SERVER IS RUNNING IN OFFLINE/INSECURE MODE!
[03:22:54] [Server thread/WARN]: The server will make no attempt to authenticate usernames. Beware.
[03:22:54] [Server thread/WARN]: While this makes the game possible to play without internet access, it also opens up the ability for hackers to connect with any username they choose.
[03:22:54] [Server thread/WARN]: To change this, set "online-mode" to "true" in the server.properties file.
[03:22:54] [Server thread/INFO]: Preparing level "world"
[03:22:54] [Server thread/INFO]: Preparing start region for dimension minecraft:overworld
[03:22:55] [Server thread/INFO]: Preparing spawn area: 0%
[03:22:55] [Server thread/INFO]: Preparing spawn area: 2%
[03:22:55] [Server thread/INFO]: Preparing spawn area: 6%
[03:22:55] [Server thread/INFO]: Time elapsed: 1084 ms
[03:22:55] [Server thread/INFO]: Preparing start region for dimension minecraft:the_nether
[03:22:55] [Server thread/INFO]: Preparing spawn area: 0%
[03:22:56] [Server thread/INFO]: Time elapsed: 198 ms
[03:22:56] [Server thread/INFO]: Preparing start region for dimension minecraft:the_end
[03:22:56] [Server thread/INFO]: Preparing spawn area: 0%
[03:22:56] [Server thread/INFO]: Time elapsed: 87 ms
[03:22:56] [Server thread/INFO]: [floodgate] Enabling floodgate v2.2.4-SNAPSHOT (b118-40d320a)
[03:22:56] [Server thread/INFO]: [ViaVersion] Enabling ViaVersion v5.4.1
[03:22:56] [Server thread/INFO]: [ViaVersion] ViaVersion detected server version: 1.21.7 (772)
[03:22:56] [Server thread/WARN]: [ViaVersion] ViaVersion does not have any compatible versions for this server version!
[03:22:56] [Server thread/WARN]: [ViaVersion] ViaVersion only supports newer client versions. Use ViaBackwards to allow older versions (ViaRewind for 1.7/1.8) to join.
[03:22:56] [Server thread/WARN]: [ViaVersion] Get setup help at https://viaversion.com/setup or download ViaBackwards/ViaRewind directly at https://ci.viaversion.com/
[03:22:56] [Server thread/WARN]: [ViaVersion] Need more help? Join our Discord at https://viaversion.com/discord
[03:22:56] [Server thread/INFO]: [Geyser-Spigot] Enabling Geyser-Spigot v2.8.2-SNAPSHOT
[03:22:57] [Server thread/INFO]: [spark] Starting background profiler...
[03:22:57] [Server thread/INFO]: [Geyser-Spigot] ******************************************
[03:22:57] [Server thread/INFO]: [Geyser-Spigot] 
[03:22:57] [Server thread/INFO]: [Geyser-Spigot] Loading Geyser version 2.8.2-b892 (git-master-a6f707f)
[03:22:57] [Server thread/INFO]: [Geyser-Spigot] 
[03:22:57] [Server thread/INFO]: [Geyser-Spigot] ******************************************
[03:23:02] [GeyserServer-3-2/INFO]: [Geyser-Spigot] Started Geyser on UDP port 3059
[03:23:02] [Server thread/INFO]: [Geyser-Spigot] Done (4.567s)! Run /geyser help for help!
[03:23:02] [Server thread/INFO]: Done preparing level "world" (7.950s)
[03:23:02] [Server thread/INFO]: Running delayed init tasks
[03:23:02] [Server thread/INFO]: Done (21.922s)! For help, type "help"
[03:23:02] [Craft Scheduler Thread - 2 - ViaVersion/INFO]: [ViaVersion] Finished mapping loading, shutting down loader executor.
[03:23:02] [Server thread/WARN]: [ViaVersion] There is a newer plugin version available: 5.4.2, you're on: 5.4.1
[03:24:02] [Server thread/INFO]: Server empty for 60 seconds, pausing
